#
# A fatal error has been detected by the Java Runtime Environment:
#
#  EXCEPTION_ACCESS_VIOLATION (0xc0000005) at pc=0x00007ff9f689bffa, pid=24644, tid=19440
#
# JRE version: Java(TM) SE Runtime Environment (17.0.1+12) (build 17.0.1+12-LTS-39)
# Java VM: Java HotSpot(TM) 64-Bit Server VM (17.0.1+12-LTS-39, mixed mode, sharing, tiered, compressed oops, compressed class ptrs, g1 gc, windows-amd64)
# Problematic frame:
# V  [jvm.dll+0x73bffa]
#
# No core dump will be written. Minidumps are not enabled by default on client versions of Windows
#
# If you would like to submit a bug report, please visit:
#   https://bugreport.java.com/bugreport/crash.jsp
#

---------------  S U M M A R Y ------------

Command Line: -XX:+ShowCodeDetailsInExceptionMessages -agentlib:jdwp=transport=dt_socket,suspend=y,address=localhost:62608 -javaagent:C:\Users\wikor\eclipse\java-2021-09\eclipse\configuration\org.eclipse.osgi\222\0\.cp\lib\javaagent-shaded.jar -Dfile.encoding=Cp1252 test.test

Host: 11th Gen Intel(R) Core(TM) i7-1165G7 @ 2.80GHz, 8 cores, 7G,  Windows 10 , 64 bit Build 19041 (10.0.19041.1348)
Time: Sun Dec 26 21:48:15 2021 GMT Standard Time elapsed time: 182.222049 seconds (0d 0h 3m 2s)

---------------  T H R E A D  ---------------

Current thread (0x000001fba468ec60):  JavaThread "JDWP Transport Listener: dt_socket" daemon [_thread_in_vm, id=19440, stack(0x000000c14ae00000,0x000000c14af00000)]

Stack: [0x000000c14ae00000,0x000000c14af00000],  sp=0x000000c14aeff410,  free space=1021k
Native frames: (J=compiled Java code, j=interpreted, Vv=VM code, C=native code)
V  [jvm.dll+0x73bffa]
V  [jvm.dll+0x50483c]
V  [jvm.dll+0x4d0154]
C  [jdwp.dll+0x22e9f]


siginfo: EXCEPTION_ACCESS_VIOLATION (0xc0000005), reading address 0x00000000000b0014


Register to memory mapping:

RIP=0x00007ff9f689bffa jvm.dll
RAX=0x0000000000000055 is an unknown value
RBX=0x000001fba3b46945 points into unknown readable memory: 3b 00 3b
RCX=0x00000000000b0010 is an unknown value
RDX=0x000001fb83cb4110 points into unknown readable memory: 0x69747369676f6c4c | 4c 6c 6f 67 69 73 74 69
RSP=0x000000c14aeff410 is pointing into the stack for thread: 0x000001fba468ec60
RBP=0x000001fba464f630 points into unknown readable memory: 0x0000000000000002 | 02 00 00 00 00 00 00 00
RSI=0x0 is NULL
RDI=0xffffffffffffffff is an unknown value
R8 =0x000000000000010b is an unknown value
R9 =0x0000000000000040 is an unknown value
R10=0x0000000000000100 is an unknown value
R11=0x000000c14aeff430 is pointing into the stack for thread: 0x000001fba468ec60
R12=0x000000c14aeff568 is pointing into the stack for thread: 0x000001fba468ec60
R13=0x0 is NULL
R14=0x0000000800c07d20 is a pointer to class: 
logistic.Inventory {0x0000000800c07d28}
 - instance size:     3
 - klass size:        72
 - access:            public final synchronized 
 - state:             fully_initialized
 - name:              'logistic/Inventory'
 - super:             'java/lang/Enum'
 - sub:               
 - arrays:            'logistic/Inventory'[]
 - methods:           Array<T>(0x000001fba405e2b0)
 - method ordering:   Array<T>(0x000001fba405e698)
 - default_methods:   Array<T>(0x0000000000000000)
 - local interfaces:  Array<T>(0x00000008005af218)
 - trans. interfaces: Array<T>(0x00000008005b52f8)
 - constants:         constant pool [87] {0x000001fba405ed78} for 'logistic/Inventory' cache=0x000001fba405f0a8
 - class loader data:  loader data: 0x000001fba3b6d410 for instance a 'jdk/internal/loader/ClassLoaders$AppClassLoader'{0x000000008bf62df0}
 - source file:       'Inventory.java'
 - source debug extension:       SMAP
Inventory.java
Java
*S jdt
*F
1 Inventory.java
2 file:/C:/Users/wikor/git/Software-Engineering/bin/
*L
*E

 - class annotations:       Array<T>(0x0000000000000000)
 - class type annotations:  Array<T>(0x0000000000000000)
 - field annotations:       Array<T>(0x0000000000000000)
 - field type annotations:  Array<T>(0x0000000000000000)
 - generic signature: '
[error occurred during error reporting (printing register info), id 0xc0000005, EXCEPTION_ACCESS_VIOLATION (0xc0000005) at pc=0x00007ff9f689cc06]

Registers:
RAX=0x0000000000000055, RBX=0x000001fba3b46945, RCX=0x00000000000b0010, RDX=0x000001fb83cb4110
RSP=0x000000c14aeff410, RBP=0x000001fba464f630, RSI=0x0000000000000000, RDI=0xffffffffffffffff
R8 =0x000000000000010b, R9 =0x0000000000000040, R10=0x0000000000000100, R11=0x000000c14aeff430
R12=0x000000c14aeff568, R13=0x0000000000000000, R14=0x0000000800c07d20, R15=0x000000c14aeff5b8
RIP=0x00007ff9f689bffa, EFLAGS=0x0000000000010202

Top of Stack: (sp=0x000000c14aeff410)
0x000000c14aeff410:   0000000000000012 0000000800c07d20
0x000000c14aeff420:   000001fba468ec60 0000000000000000
0x000000c14aeff430:   ffffffffffffffff 00007ff9f666483c
0x000000c14aeff440:   000001fba3b46945 000001fba3b46930
0x000000c14aeff450:   000001fba464f630 000001fba467fc10
0x000000c14aeff460:   000001fba3b46900 00000000000003d8
0x000000c14aeff470:   000001fba3b46910 000001fba3b46ce8
0x000000c14aeff480:   0000000000000002 000000c14aeff568
0x000000c14aeff490:   0000000000000000 0000000000000000
0x000000c14aeff4a0:   000000008b989d58 00007ff9f6630154
0x000000c14aeff4b0:   000001fba468ec60 000000c14aeff5b8
0x000000c14aeff4c0:   000001fb83c3d6b0 000000c14aeff5b8
0x000000c14aeff4d0:   000001fba468ec60 0000000000000000
0x000000c14aeff4e0:   000001fb00000000 0000000000000000
0x000000c14aeff4f0:   000000000000000d 00007ffa3cd82e9f
0x000000c14aeff500:   000000c14aeff5b0 00007ffa3cd91830 

Instructions: (pc=0x00007ff9f689bffa)
0x00007ff9f689befa:   48 83 c4 20 5f e9 cc 86 96 ff cc cc cc cc cc cc
0x00007ff9f689bf0a:   cc cc cc cc cc cc 48 89 5c 24 08 57 48 83 ec 20
0x00007ff9f689bf1a:   83 fa 02 8d 42 06 b9 08 00 00 00 49 8b d8 0f 4e
0x00007ff9f689bf2a:   c1 48 63 c8 48 83 c1 07 83 e1 f8 48 63 f9 49 8b
0x00007ff9f689bf3a:   48 18 48 8b c7 48 f7 d0 48 3b c1 73 16 4c 8d 05
0x00007ff9f689bf4a:   7a 47 17 00 48 8b d7 48 8b cb e8 d7 e9 96 ff 48
0x00007ff9f689bf5a:   8b 4b 18 48 8d 04 39 48 3b 43 20 76 18 45 33 c0
0x00007ff9f689bf6a:   48 8b d7 48 8b cb 48 8b 5c 24 30 48 83 c4 20 5f
0x00007ff9f689bf7a:   e9 31 e6 96 ff 48 89 43 18 48 8b c1 48 8b 5c 24
0x00007ff9f689bf8a:   30 48 83 c4 20 5f c3 cc cc cc cc cc cc cc cc cc
0x00007ff9f689bf9a:   cc cc cc cc cc cc 4c 8b d2 4c 8b d9 45 85 c0 7e
0x00007ff9f689bfaa:   3c 44 0f b7 49 04 41 8d 40 ff 41 3b c1 44 0f 4c
0x00007ff9f689bfba:   c8 4d 63 c1 45 85 c9 7e 1f 48 8b c2 4c 2b da 49
0x00007ff9f689bfca:   8b d0 0f 1f 40 00 41 0f b6 4c 03 06 88 08 48 8d
0x00007ff9f689bfda:   40 01 48 83 ea 01 75 ee 43 c6 04 10 00 49 8b c2
0x00007ff9f689bfea:   c3 cc cc cc cc cc 48 89 5c 24 08 57 48 83 ec 20
0x00007ff9f689bffa:   0f b7 59 04 48 8b f9 33 d2 48 8d 4b 01 e8 14 9b
0x00007ff9f689c00a:   f8 ff 0f b7 57 04 4c 8b c0 3b da 0f 42 d3 44 8b
0x00007ff9f689c01a:   ca 85 d2 74 39 48 2b f8 0f 1f 40 00 66 66 0f 1f
0x00007ff9f689c02a:   84 00 00 00 00 00 0f b6 4c 07 06 88 08 48 ff c0
0x00007ff9f689c03a:   48 8b c8 49 2b c8 49 3b c9 7c eb 42 c6 04 02 00
0x00007ff9f689c04a:   49 8b c0 48 8b 5c 24 30 48 83 c4 20 5f c3 48 8b
0x00007ff9f689c05a:   5c 24 30 c6 04 02 00 48 83 c4 20 5f c3 cc cc cc
0x00007ff9f689c06a:   cc cc cc cc cc cc 4c 8b d1 45 85 c0 7e 6c 44 0f
0x00007ff9f689c07a:   b7 49 04 41 8d 40 ff 41 3b c1 44 0f 4c c8 4d 63
0x00007ff9f689c08a:   d9 45 85 c9 7e 22 48 8b ca 4c 2b d2 4d 8b c3 0f
0x00007ff9f689c09a:   1f 80 00 00 00 00 41 0f b6 44 0a 06 88 01 48 8d
0x00007ff9f689c0aa:   49 01 49 83 e8 01 75 ee 41 c6 04 13 00 48 c7 c0
0x00007ff9f689c0ba:   ff ff ff ff 66 90 48 ff c0 80 3c 02 00 75 f7 48
0x00007ff9f689c0ca:   63 c8 85 c0 48 8b c2 7e 14 80 38 2f 75 03 c6 00
0x00007ff9f689c0da:   2e 48 ff c0 48 83 e9 01 75 ef 48 8b c2 c3 cc cc
0x00007ff9f689c0ea:   cc cc cc cc cc cc 48 83 ec 28 e8 f7 fe ff ff 4c 


Stack slot to memory mapping:
stack at sp + 0 slots: 0x0000000000000012 is an unknown value
stack at sp + 1 slots: 0x0000000800c07d20 is a pointer to class: 
logistic.Inventory {0x0000000800c07d28}
 - instance size:     3
 - klass size:        72
 - access:            public final synchronized 
 - state:             fully_initialized
 - name:              'logistic/Inventory'
 - super:             'java/lang/Enum'
 - sub:               
 - arrays:            'logistic/Inventory'[]
 - methods:           Array<T>(0x000001fba405e2b0)
 - method ordering:   Array<T>(0x000001fba405e698)
 - default_methods:   Array<T>(0x0000000000000000)
 - local interfaces:  Array<T>(0x00000008005af218)
 - trans. interfaces: Array<T>(0x00000008005b52f8)
 - constants:         constant pool [87] {0x000001fba405ed78} for 'logistic/Inventory' cache=0x000001fba405f0a8
 - class loader data:  loader data: 0x000001fba3b6d410 for instance a 'jdk/internal/loader/ClassLoaders$AppClassLoader'{0x000000008bf62df0}
 - source file:       'Inventory.java'
 - source debug extension:       SMAP
Inventory.java
Java
*S jdt
*F
1 Inventory.java
2 file:/C:/Users/wikor/git/Software-Engineering/bin/
*L
*E

 - class annotations:       Array<T>(0x0000000000000000)
 - class type annotations:  Array<T>(0x0000000000000000)
 - field annotations:       Array<T>(0x0000000000000000)
 - field type annotations:  Array<T>(0x0000000000000000)
 - generic signature: '
[error occurred during error reporting (inspecting top of stack), id 0xc0000005, EXCEPTION_ACCESS_VIOLATION (0xc0000005) at pc=0x00007ff9f689cc06]


---------------  P R O C E S S  ---------------

Threads class SMR info:
_java_thread_list=0x000001fba476af10, length=15, elements={
0x000001fb83cac100, 0x000001fba3ad6b10, 0x000001fba3ad74c0, 0x000001fba3ae9640,
0x000001fba3ae9f00, 0x000001fba3aec8c0, 0x000001fba3aef290, 0x000001fba3af3520,
0x000001fba3afbfd0, 0x000001fba3afc9c0, 0x000001fba3abf080, 0x000001fba468ec60,
0x000001fba468fd20, 0x000001fba4690210, 0x000001fba4cb7fc0
}

Java Threads: ( => current thread )
  0x000001fb83cac100 JavaThread "main" [_thread_blocked, id=35488, stack(0x000000c149d00000,0x000000c149e00000)]
  0x000001fba3ad6b10 JavaThread "Reference Handler" daemon [_thread_blocked, id=27576, stack(0x000000c14a400000,0x000000c14a500000)]
  0x000001fba3ad74c0 JavaThread "Finalizer" daemon [_thread_blocked, id=18748, stack(0x000000c14a500000,0x000000c14a600000)]
  0x000001fba3ae9640 JavaThread "Signal Dispatcher" daemon [_thread_blocked, id=1684, stack(0x000000c14a600000,0x000000c14a700000)]
  0x000001fba3ae9f00 JavaThread "Attach Listener" daemon [_thread_blocked, id=31708, stack(0x000000c14a700000,0x000000c14a800000)]
  0x000001fba3aec8c0 JavaThread "Service Thread" daemon [_thread_blocked, id=21560, stack(0x000000c14a800000,0x000000c14a900000)]
  0x000001fba3aef290 JavaThread "Monitor Deflation Thread" daemon [_thread_blocked, id=17192, stack(0x000000c14a900000,0x000000c14aa00000)]
  0x000001fba3af3520 JavaThread "C2 CompilerThread0" daemon [_thread_blocked, id=35192, stack(0x000000c14aa00000,0x000000c14ab00000)]
  0x000001fba3afbfd0 JavaThread "C1 CompilerThread0" daemon [_thread_blocked, id=30076, stack(0x000000c14ab00000,0x000000c14ac00000)]
  0x000001fba3afc9c0 JavaThread "Sweeper thread" daemon [_thread_blocked, id=34836, stack(0x000000c14ac00000,0x000000c14ad00000)]
  0x000001fba3abf080 JavaThread "Common-Cleaner" daemon [_thread_blocked, id=35064, stack(0x000000c14ad00000,0x000000c14ae00000)]
=>0x000001fba468ec60 JavaThread "JDWP Transport Listener: dt_socket" daemon [_thread_in_vm, id=19440, stack(0x000000c14ae00000,0x000000c14af00000)]
  0x000001fba468fd20 JavaThread "JDWP Event Helper Thread" daemon [_thread_blocked, id=29588, stack(0x000000c14af00000,0x000000c14b000000)]
  0x000001fba4690210 JavaThread "JDWP Command Reader" daemon [_thread_in_native, id=12452, stack(0x000000c14b000000,0x000000c14b100000)]
  0x000001fba4cb7fc0 JavaThread "Notification Thread" daemon [_thread_blocked, id=32252, stack(0x000000c14b100000,0x000000c14b200000)]

Other Threads:
  0x000001fba3acf4a0 VMThread "VM Thread" [stack: 0x000000c14a300000,0x000000c14a400000] [id=2888]
  0x000001fba4d089a0 WatcherThread [stack: 0x000000c14b200000,0x000000c14b300000] [id=32992]
  0x000001fb83ceaf50 GCTaskThread "GC Thread#0" [stack: 0x000000c149e00000,0x000000c149f00000] [id=34284]
  0x000001fb83cfb610 ConcurrentGCThread "G1 Main Marker" [stack: 0x000000c149f00000,0x000000c14a000000] [id=32712]
  0x000001fb83cfc7c0 ConcurrentGCThread "G1 Conc#0" [stack: 0x000000c14a000000,0x000000c14a100000] [id=4692]
  0x000001fb83d75fe0 ConcurrentGCThread "G1 Refine#0" [stack: 0x000000c14a100000,0x000000c14a200000] [id=22336]
  0x000001fb83d76a00 ConcurrentGCThread "G1 Service" [stack: 0x000000c14a200000,0x000000c14a300000] [id=15816]

Threads with active compile tasks:

VM state: not at safepoint (normal execution)

VM Mutex/Monitor currently owned by a thread: None

Heap address: 0x0000000084400000, size: 1980 MB, Compressed Oops mode: 32-bit

CDS archive(s) mapped at: [0x0000000800000000-0x0000000800bc0000-0x0000000800bc0000), size 12320768, SharedBaseAddress: 0x0000000800000000, ArchiveRelocationMode: 0.
Compressed class space mapped at: 0x0000000800c00000-0x0000000840c00000, reserved size: 1073741824
Narrow klass base: 0x0000000800000000, Narrow klass shift: 0, Narrow klass range: 0x100000000

GC Precious Log:
 CPUs: 8 total, 8 available
 Memory: 7915M
 Large Page Support: Disabled
 NUMA Support: Disabled
 Compressed Oops: Enabled (32-bit)
 Heap Region Size: 1M
 Heap Min Capacity: 8M
 Heap Initial Capacity: 124M
 Heap Max Capacity: 1980M
 Pre-touch: Disabled
 Parallel Workers: 8
 Concurrent Workers: 2
 Concurrent Refinement Workers: 8
 Periodic GC: Disabled

Heap:
 garbage-first heap   total 126976K, used 6144K [0x0000000084400000, 0x0000000100000000)
  region size 1024K, 8 young (8192K), 0 survivors (0K)
 Metaspace       used 3034K, committed 3136K, reserved 1056768K
  class space    used 283K, committed 320K, reserved 1048576K

Heap Regions: E=young(eden), S=young(survivor), O=old, HS=humongous(starts), HC=humongous(continues), CS=collection set, F=free, OA=open archive, CA=closed archive, TAMS=top-at-mark-start (previous, next)
|   0|0x0000000084400000, 0x0000000084400000, 0x0000000084500000|  0%| F|  |TAMS 0x0000000084400000, 0x0000000084400000| Untracked 
|   1|0x0000000084500000, 0x0000000084500000, 0x0000000084600000|  0%| F|  |TAMS 0x0000000084500000, 0x0000000084500000| Untracked 
|   2|0x0000000084600000, 0x0000000084600000, 0x0000000084700000|  0%| F|  |TAMS 0x0000000084600000, 0x0000000084600000| Untracked 
|   3|0x0000000084700000, 0x0000000084700000, 0x0000000084800000|  0%| F|  |TAMS 0x0000000084700000, 0x0000000084700000| Untracked 
|   4|0x0000000084800000, 0x0000000084800000, 0x0000000084900000|  0%| F|  |TAMS 0x0000000084800000, 0x0000000084800000| Untracked 
|   5|0x0000000084900000, 0x0000000084900000, 0x0000000084a00000|  0%| F|  |TAMS 0x0000000084900000, 0x0000000084900000| Untracked 
|   6|0x0000000084a00000, 0x0000000084a00000, 0x0000000084b00000|  0%| F|  |TAMS 0x0000000084a00000, 0x0000000084a00000| Untracked 
|   7|0x0000000084b00000, 0x0000000084b00000, 0x0000000084c00000|  0%| F|  |TAMS 0x0000000084b00000, 0x0000000084b00000| Untracked 
|   8|0x0000000084c00000, 0x0000000084c00000, 0x0000000084d00000|  0%| F|  |TAMS 0x0000000084c00000, 0x0000000084c00000| Untracked 
|   9|0x0000000084d00000, 0x0000000084d00000, 0x0000000084e00000|  0%| F|  |TAMS 0x0000000084d00000, 0x0000000084d00000| Untracked 
|  10|0x0000000084e00000, 0x0000000084e00000, 0x0000000084f00000|  0%| F|  |TAMS 0x0000000084e00000, 0x0000000084e00000| Untracked 
|  11|0x0000000084f00000, 0x0000000084f00000, 0x0000000085000000|  0%| F|  |TAMS 0x0000000084f00000, 0x0000000084f00000| Untracked 
|  12|0x0000000085000000, 0x0000000085000000, 0x0000000085100000|  0%| F|  |TAMS 0x0000000085000000, 0x0000000085000000| Untracked 
|  13|0x0000000085100000, 0x0000000085100000, 0x0000000085200000|  0%| F|  |TAMS 0x0000000085100000, 0x0000000085100000| Untracked 
|  14|0x0000000085200000, 0x0000000085200000, 0x0000000085300000|  0%| F|  |TAMS 0x0000000085200000, 0x0000000085200000| Untracked 
|  15|0x0000000085300000, 0x0000000085300000, 0x0000000085400000|  0%| F|  |TAMS 0x0000000085300000, 0x0000000085300000| Untracked 
|  16|0x0000000085400000, 0x0000000085400000, 0x0000000085500000|  0%| F|  |TAMS 0x0000000085400000, 0x0000000085400000| Untracked 
|  17|0x0000000085500000, 0x0000000085500000, 0x0000000085600000|  0%| F|  |TAMS 0x0000000085500000, 0x0000000085500000| Untracked 
|  18|0x0000000085600000, 0x0000000085600000, 0x0000000085700000|  0%| F|  |TAMS 0x0000000085600000, 0x0000000085600000| Untracked 
|  19|0x0000000085700000, 0x0000000085700000, 0x0000000085800000|  0%| F|  |TAMS 0x0000000085700000, 0x0000000085700000| Untracked 
|  20|0x0000000085800000, 0x0000000085800000, 0x0000000085900000|  0%| F|  |TAMS 0x0000000085800000, 0x0000000085800000| Untracked 
|  21|0x0000000085900000, 0x0000000085900000, 0x0000000085a00000|  0%| F|  |TAMS 0x0000000085900000, 0x0000000085900000| Untracked 
|  22|0x0000000085a00000, 0x0000000085a00000, 0x0000000085b00000|  0%| F|  |TAMS 0x0000000085a00000, 0x0000000085a00000| Untracked 
|  23|0x0000000085b00000, 0x0000000085b00000, 0x0000000085c00000|  0%| F|  |TAMS 0x0000000085b00000, 0x0000000085b00000| Untracked 
|  24|0x0000000085c00000, 0x0000000085c00000, 0x0000000085d00000|  0%| F|  |TAMS 0x0000000085c00000, 0x0000000085c00000| Untracked 
|  25|0x0000000085d00000, 0x0000000085d00000, 0x0000000085e00000|  0%| F|  |TAMS 0x0000000085d00000, 0x0000000085d00000| Untracked 
|  26|0x0000000085e00000, 0x0000000085e00000, 0x0000000085f00000|  0%| F|  |TAMS 0x0000000085e00000, 0x0000000085e00000| Untracked 
|  27|0x0000000085f00000, 0x0000000085f00000, 0x0000000086000000|  0%| F|  |TAMS 0x0000000085f00000, 0x0000000085f00000| Untracked 
|  28|0x0000000086000000, 0x0000000086000000, 0x0000000086100000|  0%| F|  |TAMS 0x0000000086000000, 0x0000000086000000| Untracked 
|  29|0x0000000086100000, 0x0000000086100000, 0x0000000086200000|  0%| F|  |TAMS 0x0000000086100000, 0x0000000086100000| Untracked 
|  30|0x0000000086200000, 0x0000000086200000, 0x0000000086300000|  0%| F|  |TAMS 0x0000000086200000, 0x0000000086200000| Untracked 
|  31|0x0000000086300000, 0x0000000086300000, 0x0000000086400000|  0%| F|  |TAMS 0x0000000086300000, 0x0000000086300000| Untracked 
|  32|0x0000000086400000, 0x0000000086400000, 0x0000000086500000|  0%| F|  |TAMS 0x0000000086400000, 0x0000000086400000| Untracked 
|  33|0x0000000086500000, 0x0000000086500000, 0x0000000086600000|  0%| F|  |TAMS 0x0000000086500000, 0x0000000086500000| Untracked 
|  34|0x0000000086600000, 0x0000000086600000, 0x0000000086700000|  0%| F|  |TAMS 0x0000000086600000, 0x0000000086600000| Untracked 
|  35|0x0000000086700000, 0x0000000086700000, 0x0000000086800000|  0%| F|  |TAMS 0x0000000086700000, 0x0000000086700000| Untracked 
|  36|0x0000000086800000, 0x0000000086800000, 0x0000000086900000|  0%| F|  |TAMS 0x0000000086800000, 0x0000000086800000| Untracked 
|  37|0x0000000086900000, 0x0000000086900000, 0x0000000086a00000|  0%| F|  |TAMS 0x0000000086900000, 0x0000000086900000| Untracked 
|  38|0x0000000086a00000, 0x0000000086a00000, 0x0000000086b00000|  0%| F|  |TAMS 0x0000000086a00000, 0x0000000086a00000| Untracked 
|  39|0x0000000086b00000, 0x0000000086b00000, 0x0000000086c00000|  0%| F|  |TAMS 0x0000000086b00000, 0x0000000086b00000| Untracked 
|  40|0x0000000086c00000, 0x0000000086c00000, 0x0000000086d00000|  0%| F|  |TAMS 0x0000000086c00000, 0x0000000086c00000| Untracked 
|  41|0x0000000086d00000, 0x0000000086d00000, 0x0000000086e00000|  0%| F|  |TAMS 0x0000000086d00000, 0x0000000086d00000| Untracked 
|  42|0x0000000086e00000, 0x0000000086e00000, 0x0000000086f00000|  0%| F|  |TAMS 0x0000000086e00000, 0x0000000086e00000| Untracked 
|  43|0x0000000086f00000, 0x0000000086f00000, 0x0000000087000000|  0%| F|  |TAMS 0x0000000086f00000, 0x0000000086f00000| Untracked 
|  44|0x0000000087000000, 0x0000000087000000, 0x0000000087100000|  0%| F|  |TAMS 0x0000000087000000, 0x0000000087000000| Untracked 
|  45|0x0000000087100000, 0x0000000087100000, 0x0000000087200000|  0%| F|  |TAMS 0x0000000087100000, 0x0000000087100000| Untracked 
|  46|0x0000000087200000, 0x0000000087200000, 0x0000000087300000|  0%| F|  |TAMS 0x0000000087200000, 0x0000000087200000| Untracked 
|  47|0x0000000087300000, 0x0000000087300000, 0x0000000087400000|  0%| F|  |TAMS 0x0000000087300000, 0x0000000087300000| Untracked 
|  48|0x0000000087400000, 0x0000000087400000, 0x0000000087500000|  0%| F|  |TAMS 0x0000000087400000, 0x0000000087400000| Untracked 
|  49|0x0000000087500000, 0x0000000087500000, 0x0000000087600000|  0%| F|  |TAMS 0x0000000087500000, 0x0000000087500000| Untracked 
|  50|0x0000000087600000, 0x0000000087600000, 0x0000000087700000|  0%| F|  |TAMS 0x0000000087600000, 0x0000000087600000| Untracked 
|  51|0x0000000087700000, 0x0000000087700000, 0x0000000087800000|  0%| F|  |TAMS 0x0000000087700000, 0x0000000087700000| Untracked 
|  52|0x0000000087800000, 0x0000000087800000, 0x0000000087900000|  0%| F|  |TAMS 0x0000000087800000, 0x0000000087800000| Untracked 
|  53|0x0000000087900000, 0x0000000087900000, 0x0000000087a00000|  0%| F|  |TAMS 0x0000000087900000, 0x0000000087900000| Untracked 
|  54|0x0000000087a00000, 0x0000000087a00000, 0x0000000087b00000|  0%| F|  |TAMS 0x0000000087a00000, 0x0000000087a00000| Untracked 
|  55|0x0000000087b00000, 0x0000000087b00000, 0x0000000087c00000|  0%| F|  |TAMS 0x0000000087b00000, 0x0000000087b00000| Untracked 
|  56|0x0000000087c00000, 0x0000000087c00000, 0x0000000087d00000|  0%| F|  |TAMS 0x0000000087c00000, 0x0000000087c00000| Untracked 
|  57|0x0000000087d00000, 0x0000000087d00000, 0x0000000087e00000|  0%| F|  |TAMS 0x0000000087d00000, 0x0000000087d00000| Untracked 
|  58|0x0000000087e00000, 0x0000000087e00000, 0x0000000087f00000|  0%| F|  |TAMS 0x0000000087e00000, 0x0000000087e00000| Untracked 
|  59|0x0000000087f00000, 0x0000000087f00000, 0x0000000088000000|  0%| F|  |TAMS 0x0000000087f00000, 0x0000000087f00000| Untracked 
|  60|0x0000000088000000, 0x0000000088000000, 0x0000000088100000|  0%| F|  |TAMS 0x0000000088000000, 0x0000000088000000| Untracked 
|  61|0x0000000088100000, 0x0000000088100000, 0x0000000088200000|  0%| F|  |TAMS 0x0000000088100000, 0x0000000088100000| Untracked 
|  62|0x0000000088200000, 0x0000000088200000, 0x0000000088300000|  0%| F|  |TAMS 0x0000000088200000, 0x0000000088200000| Untracked 
|  63|0x0000000088300000, 0x0000000088300000, 0x0000000088400000|  0%| F|  |TAMS 0x0000000088300000, 0x0000000088300000| Untracked 
|  64|0x0000000088400000, 0x0000000088400000, 0x0000000088500000|  0%| F|  |TAMS 0x0000000088400000, 0x0000000088400000| Untracked 
|  65|0x0000000088500000, 0x0000000088500000, 0x0000000088600000|  0%| F|  |TAMS 0x0000000088500000, 0x0000000088500000| Untracked 
|  66|0x0000000088600000, 0x0000000088600000, 0x0000000088700000|  0%| F|  |TAMS 0x0000000088600000, 0x0000000088600000| Untracked 
|  67|0x0000000088700000, 0x0000000088700000, 0x0000000088800000|  0%| F|  |TAMS 0x0000000088700000, 0x0000000088700000| Untracked 
|  68|0x0000000088800000, 0x0000000088800000, 0x0000000088900000|  0%| F|  |TAMS 0x0000000088800000, 0x0000000088800000| Untracked 
|  69|0x0000000088900000, 0x0000000088900000, 0x0000000088a00000|  0%| F|  |TAMS 0x0000000088900000, 0x0000000088900000| Untracked 
|  70|0x0000000088a00000, 0x0000000088a00000, 0x0000000088b00000|  0%| F|  |TAMS 0x0000000088a00000, 0x0000000088a00000| Untracked 
|  71|0x0000000088b00000, 0x0000000088b00000, 0x0000000088c00000|  0%| F|  |TAMS 0x0000000088b00000, 0x0000000088b00000| Untracked 
|  72|0x0000000088c00000, 0x0000000088c00000, 0x0000000088d00000|  0%| F|  |TAMS 0x0000000088c00000, 0x0000000088c00000| Untracked 
|  73|0x0000000088d00000, 0x0000000088d00000, 0x0000000088e00000|  0%| F|  |TAMS 0x0000000088d00000, 0x0000000088d00000| Untracked 
|  74|0x0000000088e00000, 0x0000000088e00000, 0x0000000088f00000|  0%| F|  |TAMS 0x0000000088e00000, 0x0000000088e00000| Untracked 
|  75|0x0000000088f00000, 0x0000000088f00000, 0x0000000089000000|  0%| F|  |TAMS 0x0000000088f00000, 0x0000000088f00000| Untracked 
|  76|0x0000000089000000, 0x0000000089000000, 0x0000000089100000|  0%| F|  |TAMS 0x0000000089000000, 0x0000000089000000| Untracked 
|  77|0x0000000089100000, 0x0000000089100000, 0x0000000089200000|  0%| F|  |TAMS 0x0000000089100000, 0x0000000089100000| Untracked 
|  78|0x0000000089200000, 0x0000000089200000, 0x0000000089300000|  0%| F|  |TAMS 0x0000000089200000, 0x0000000089200000| Untracked 
|  79|0x0000000089300000, 0x0000000089300000, 0x0000000089400000|  0%| F|  |TAMS 0x0000000089300000, 0x0000000089300000| Untracked 
|  80|0x0000000089400000, 0x0000000089400000, 0x0000000089500000|  0%| F|  |TAMS 0x0000000089400000, 0x0000000089400000| Untracked 
|  81|0x0000000089500000, 0x0000000089500000, 0x0000000089600000|  0%| F|  |TAMS 0x0000000089500000, 0x0000000089500000| Untracked 
|  82|0x0000000089600000, 0x0000000089600000, 0x0000000089700000|  0%| F|  |TAMS 0x0000000089600000, 0x0000000089600000| Untracked 
|  83|0x0000000089700000, 0x0000000089700000, 0x0000000089800000|  0%| F|  |TAMS 0x0000000089700000, 0x0000000089700000| Untracked 
|  84|0x0000000089800000, 0x0000000089800000, 0x0000000089900000|  0%| F|  |TAMS 0x0000000089800000, 0x0000000089800000| Untracked 
|  85|0x0000000089900000, 0x0000000089900000, 0x0000000089a00000|  0%| F|  |TAMS 0x0000000089900000, 0x0000000089900000| Untracked 
|  86|0x0000000089a00000, 0x0000000089a00000, 0x0000000089b00000|  0%| F|  |TAMS 0x0000000089a00000, 0x0000000089a00000| Untracked 
|  87|0x0000000089b00000, 0x0000000089b00000, 0x0000000089c00000|  0%| F|  |TAMS 0x0000000089b00000, 0x0000000089b00000| Untracked 
|  88|0x0000000089c00000, 0x0000000089c00000, 0x0000000089d00000|  0%| F|  |TAMS 0x0000000089c00000, 0x0000000089c00000| Untracked 
|  89|0x0000000089d00000, 0x0000000089d00000, 0x0000000089e00000|  0%| F|  |TAMS 0x0000000089d00000, 0x0000000089d00000| Untracked 
|  90|0x0000000089e00000, 0x0000000089e00000, 0x0000000089f00000|  0%| F|  |TAMS 0x0000000089e00000, 0x0000000089e00000| Untracked 
|  91|0x0000000089f00000, 0x0000000089f00000, 0x000000008a000000|  0%| F|  |TAMS 0x0000000089f00000, 0x0000000089f00000| Untracked 
|  92|0x000000008a000000, 0x000000008a000000, 0x000000008a100000|  0%| F|  |TAMS 0x000000008a000000, 0x000000008a000000| Untracked 
|  93|0x000000008a100000, 0x000000008a100000, 0x000000008a200000|  0%| F|  |TAMS 0x000000008a100000, 0x000000008a100000| Untracked 
|  94|0x000000008a200000, 0x000000008a200000, 0x000000008a300000|  0%| F|  |TAMS 0x000000008a200000, 0x000000008a200000| Untracked 
|  95|0x000000008a300000, 0x000000008a300000, 0x000000008a400000|  0%| F|  |TAMS 0x000000008a300000, 0x000000008a300000| Untracked 
|  96|0x000000008a400000, 0x000000008a400000, 0x000000008a500000|  0%| F|  |TAMS 0x000000008a400000, 0x000000008a400000| Untracked 
|  97|0x000000008a500000, 0x000000008a500000, 0x000000008a600000|  0%| F|  |TAMS 0x000000008a500000, 0x000000008a500000| Untracked 
|  98|0x000000008a600000, 0x000000008a600000, 0x000000008a700000|  0%| F|  |TAMS 0x000000008a600000, 0x000000008a600000| Untracked 
|  99|0x000000008a700000, 0x000000008a700000, 0x000000008a800000|  0%| F|  |TAMS 0x000000008a700000, 0x000000008a700000| Untracked 
| 100|0x000000008a800000, 0x000000008a800000, 0x000000008a900000|  0%| F|  |TAMS 0x000000008a800000, 0x000000008a800000| Untracked 
| 101|0x000000008a900000, 0x000000008a900000, 0x000000008aa00000|  0%| F|  |TAMS 0x000000008a900000, 0x000000008a900000| Untracked 
| 102|0x000000008aa00000, 0x000000008aa00000, 0x000000008ab00000|  0%| F|  |TAMS 0x000000008aa00000, 0x000000008aa00000| Untracked 
| 103|0x000000008ab00000, 0x000000008ab00000, 0x000000008ac00000|  0%| F|  |TAMS 0x000000008ab00000, 0x000000008ab00000| Untracked 
| 104|0x000000008ac00000, 0x000000008ac00000, 0x000000008ad00000|  0%| F|  |TAMS 0x000000008ac00000, 0x000000008ac00000| Untracked 
| 105|0x000000008ad00000, 0x000000008ad00000, 0x000000008ae00000|  0%| F|  |TAMS 0x000000008ad00000, 0x000000008ad00000| Untracked 
| 106|0x000000008ae00000, 0x000000008ae00000, 0x000000008af00000|  0%| F|  |TAMS 0x000000008ae00000, 0x000000008ae00000| Untracked 
| 107|0x000000008af00000, 0x000000008af00000, 0x000000008b000000|  0%| F|  |TAMS 0x000000008af00000, 0x000000008af00000| Untracked 
| 108|0x000000008b000000, 0x000000008b000000, 0x000000008b100000|  0%| F|  |TAMS 0x000000008b000000, 0x000000008b000000| Untracked 
| 109|0x000000008b100000, 0x000000008b100000, 0x000000008b200000|  0%| F|  |TAMS 0x000000008b100000, 0x000000008b100000| Untracked 
| 110|0x000000008b200000, 0x000000008b200000, 0x000000008b300000|  0%| F|  |TAMS 0x000000008b200000, 0x000000008b200000| Untracked 
| 111|0x000000008b300000, 0x000000008b300000, 0x000000008b400000|  0%| F|  |TAMS 0x000000008b300000, 0x000000008b300000| Untracked 
| 112|0x000000008b400000, 0x000000008b400000, 0x000000008b500000|  0%| F|  |TAMS 0x000000008b400000, 0x000000008b400000| Untracked 
| 113|0x000000008b500000, 0x000000008b500000, 0x000000008b600000|  0%| F|  |TAMS 0x000000008b500000, 0x000000008b500000| Untracked 
| 114|0x000000008b600000, 0x000000008b600000, 0x000000008b700000|  0%| F|  |TAMS 0x000000008b600000, 0x000000008b600000| Untracked 
| 115|0x000000008b700000, 0x000000008b700000, 0x000000008b800000|  0%| F|  |TAMS 0x000000008b700000, 0x000000008b700000| Untracked 
| 116|0x000000008b800000, 0x000000008b8ec0a0, 0x000000008b900000| 92%| E|  |TAMS 0x000000008b800000, 0x000000008b800000| Complete 
| 117|0x000000008b900000, 0x000000008ba00000, 0x000000008ba00000|100%| E|CS|TAMS 0x000000008b900000, 0x000000008b900000| Complete 
| 118|0x000000008ba00000, 0x000000008bb00000, 0x000000008bb00000|100%| E|CS|TAMS 0x000000008ba00000, 0x000000008ba00000| Complete 
| 119|0x000000008bb00000, 0x000000008bc00000, 0x000000008bc00000|100%| E|  |TAMS 0x000000008bb00000, 0x000000008bb00000| Complete 
| 120|0x000000008bc00000, 0x000000008bd00000, 0x000000008bd00000|100%| E|CS|TAMS 0x000000008bc00000, 0x000000008bc00000| Complete 
| 121|0x000000008bd00000, 0x000000008be00000, 0x000000008be00000|100%| E|CS|TAMS 0x000000008bd00000, 0x000000008bd00000| Complete 
| 122|0x000000008be00000, 0x000000008bf00000, 0x000000008bf00000|100%| E|CS|TAMS 0x000000008be00000, 0x000000008be00000| Complete 
| 123|0x000000008bf00000, 0x000000008c000000, 0x000000008c000000|100%| E|CS|TAMS 0x000000008bf00000, 0x000000008bf00000| Complete 

Card table byte_map: [0x000001fb9cae0000,0x000001fb9cec0000] _byte_map_base: 0x000001fb9c6be000

Marking Bits (Prev, Next): (CMBitMap*) 0x000001fb83ceb560, (CMBitMap*) 0x000001fb83ceb5a0
 Prev Bits: [0x000001fb9d2a0000, 0x000001fb9f190000)
 Next Bits: [0x000001fb9f190000, 0x000001fba1080000)

Polling page: 0x000001fb8cc70000

Metaspace:

Usage:
  Non-class:      2.69 MB used.
      Class:    283.89 KB used.
       Both:      2.96 MB used.

Virtual space:
  Non-class space:        8.00 MB reserved,       2.75 MB ( 34%) committed,  1 nodes.
      Class space:        1.00 GB reserved,     320.00 KB ( <1%) committed,  1 nodes.
             Both:        1.01 GB reserved,       3.06 MB ( <1%) committed. 

Chunk freelists:
   Non-Class:  3.62 MB
       Class:  3.70 MB
        Both:  7.33 MB

MaxMetaspaceSize: unlimited
CompressedClassSpaceSize: 1.00 GB
Initial GC threshold: 21.00 MB
Current GC threshold: 21.00 MB
CDS: on
MetaspaceReclaimPolicy: balanced
 - commit_granule_bytes: 65536.
 - commit_granule_words: 8192.
 - virtual_space_node_default_size: 1048576.
 - enlarge_chunks_in_place: 1.
 - new_chunks_are_fully_committed: 0.
 - uncommit_free_chunks: 1.
 - use_allocation_guard: 0.
 - handle_deallocations: 1.


Internal statistics:

num_allocs_failed_limit: 0.
num_arena_births: 10.
num_arena_deaths: 0.
num_vsnodes_births: 2.
num_vsnodes_deaths: 0.
num_space_committed: 49.
num_space_uncommitted: 0.
num_chunks_returned_to_freelist: 0.
num_chunks_taken_from_freelist: 37.
num_chunk_merges: 0.
num_chunk_splits: 22.
num_chunks_enlarged: 14.
num_purges: 0.
num_inconsistent_stats: 0.

CodeHeap 'non-profiled nmethods': size=120000Kb used=183Kb max_used=183Kb free=119816Kb
 bounds [0x000001fb94760000, 0x000001fb949d0000, 0x000001fb9bc90000]
CodeHeap 'profiled nmethods': size=120000Kb used=797Kb max_used=797Kb free=119202Kb
 bounds [0x000001fb8d230000, 0x000001fb8d4a0000, 0x000001fb94760000]
CodeHeap 'non-nmethods': size=5760Kb used=1221Kb max_used=1238Kb free=4538Kb
 bounds [0x000001fb8cc90000, 0x000001fb8cf00000, 0x000001fb8d230000]
 total_blobs=965 nmethods=537 adapters=341
 compilation: enabled
              stopped_count=0, restarted_count=0
 full_count=0

Compilation events (20 events):
Event: 43.392 Thread 0x000001fba3afbfd0  526       3       java.util.regex.Pattern$$Lambda$21/0x80000002a::is (13 bytes)
Event: 43.392 Thread 0x000001fba3afbfd0 nmethod 526 0x000001fb8d2f1010 code [0x000001fb8d2f11c0, 0x000001fb8d2f1418]
Event: 43.393 Thread 0x000001fba3afbfd0  529       3       java.nio.ByteBuffer::arrayOffset (35 bytes)
Event: 43.393 Thread 0x000001fba3afbfd0 nmethod 529 0x000001fb8d2f1510 code [0x000001fb8d2f16e0, 0x000001fb8d2f19d8]
Event: 43.393 Thread 0x000001fba3afbfd0  530       3       java.nio.CharBuffer::arrayOffset (35 bytes)
Event: 43.393 Thread 0x000001fba3afbfd0 nmethod 530 0x000001fb8d2f1b10 code [0x000001fb8d2f1ce0, 0x000001fb8d2f1fd8]
Event: 45.562 Thread 0x000001fba3af3520  531       4       java.lang.StringBuilder::append (6 bytes)
Event: 45.562 Thread 0x000001fba3afbfd0  532       3       map.TileCtrl::getTlStr (26 bytes)
Event: 45.562 Thread 0x000001fba3afbfd0 nmethod 532 0x000001fb8d2f2110 code [0x000001fb8d2f2320, 0x000001fb8d2f29e8]
Event: 45.562 Thread 0x000001fba3afbfd0  533       3       map.tile::veiw (168 bytes)
Event: 45.563 Thread 0x000001fba3afbfd0 nmethod 533 0x000001fb8d2f2c90 code [0x000001fb8d2f3000, 0x000001fb8d2f52d8]
Event: 45.563 Thread 0x000001fba3afbfd0  534       3       map.shipLairCtrl::getLrStr (26 bytes)
Event: 45.563 Thread 0x000001fba3afbfd0 nmethod 534 0x000001fb8d2f5910 code [0x000001fb8d2f5b20, 0x000001fb8d2f6238]
Event: 45.565 Thread 0x000001fba3af3520 nmethod 531 0x000001fb9478d190 code [0x000001fb9478d340, 0x000001fb9478d8f8]
Event: 47.589 Thread 0x000001fba3afbfd0  535       3       java.nio.CharBuffer::position (8 bytes)
Event: 47.589 Thread 0x000001fba3afbfd0 nmethod 535 0x000001fb8d2f6510 code [0x000001fb8d2f66a0, 0x000001fb8d2f67e8]
Event: 57.099 Thread 0x000001fba3afbfd0  536       3       java.lang.String::getChars (54 bytes)
Event: 57.099 Thread 0x000001fba3afbfd0 nmethod 536 0x000001fb8d2f6890 code [0x000001fb8d2f6a80, 0x000001fb8d2f6f18]
Event: 57.099 Thread 0x000001fba3afbfd0  537       3       org.eclipse.jdt.launching.internal.org.objectweb.asm.ByteVector::putByteArray (49 bytes)
Event: 57.099 Thread 0x000001fba3afbfd0 nmethod 537 0x000001fb8d2f7110 code [0x000001fb8d2f72c0, 0x000001fb8d2f7598]

GC Heap History (0 events):
No events

Deoptimization events (20 events):
Event: 1.214 Thread 0x000001fb83cac100 DEOPT PACKING pc=0x000001fb94770a74 sp=0x000000c149dfec20
Event: 1.214 Thread 0x000001fb83cac100 DEOPT UNPACKING pc=0x000001fb8cce5c23 sp=0x000000c149dfeb70 mode 2
Event: 1.242 Thread 0x000001fb83cac100 DEOPT PACKING pc=0x000001fb8d29dfdc sp=0x000000c149df7a90
Event: 1.242 Thread 0x000001fb83cac100 DEOPT UNPACKING pc=0x000001fb8cce6763 sp=0x000000c149df6ef8 mode 0
Event: 1.242 Thread 0x000001fb83cac100 DEOPT PACKING pc=0x000001fb8d29dfdc sp=0x000000c149df7a90
Event: 1.242 Thread 0x000001fb83cac100 DEOPT UNPACKING pc=0x000001fb8cce6763 sp=0x000000c149df6ef8 mode 0
Event: 1.242 Thread 0x000001fb83cac100 DEOPT PACKING pc=0x000001fb8d29dfdc sp=0x000000c149df7a90
Event: 1.242 Thread 0x000001fb83cac100 DEOPT UNPACKING pc=0x000001fb8cce6763 sp=0x000000c149df6ef8 mode 0
Event: 1.268 Thread 0x000001fb83cac100 Uncommon trap: trap_request=0xffffff45 fr.pc=0x000001fb9476de60 relative=0x0000000000000060
Event: 1.268 Thread 0x000001fb83cac100 Uncommon trap: reason=unstable_if action=reinterpret pc=0x000001fb9476de60 method=java.lang.String.isLatin1()Z @ 10 c2
Event: 1.268 Thread 0x000001fb83cac100 DEOPT PACKING pc=0x000001fb9476de60 sp=0x000000c149dfeaa0
Event: 1.268 Thread 0x000001fb83cac100 DEOPT UNPACKING pc=0x000001fb8cce5c23 sp=0x000000c149dfea40 mode 2
Event: 1.268 Thread 0x000001fb83cac100 Uncommon trap: trap_request=0xffffff45 fr.pc=0x000001fb94771e48 relative=0x0000000000000048
Event: 1.268 Thread 0x000001fb83cac100 Uncommon trap: reason=unstable_if action=reinterpret pc=0x000001fb94771e48 method=java.lang.CharacterData.of(I)Ljava/lang/CharacterData; @ 4 c2
Event: 1.268 Thread 0x000001fb83cac100 DEOPT PACKING pc=0x000001fb94771e48 sp=0x000000c149dfe5d0
Event: 1.268 Thread 0x000001fb83cac100 DEOPT UNPACKING pc=0x000001fb8cce5c23 sp=0x000000c149dfe570 mode 2
Event: 1.272 Thread 0x000001fb83cac100 Uncommon trap: trap_request=0xffffff45 fr.pc=0x000001fb94768bb0 relative=0x0000000000000230
Event: 1.272 Thread 0x000001fb83cac100 Uncommon trap: reason=unstable_if action=reinterpret pc=0x000001fb94768bb0 method=java.lang.String.isLatin1()Z @ 10 c2
Event: 1.273 Thread 0x000001fb83cac100 DEOPT PACKING pc=0x000001fb94768bb0 sp=0x000000c149dfc500
Event: 1.273 Thread 0x000001fb83cac100 DEOPT UNPACKING pc=0x000001fb8cce5c23 sp=0x000000c149dfc440 mode 2

Classes unloaded (0 events):
No events

Classes redefined (1 events):
Event: 182.128 Thread 0x000001fba3acf4a0 redefined class name=logistic.Inventory, count=1

Internal exceptions (0 events):
No events

VM Operations (20 events):
Event: 129.952 Executing VM operation: get/set locals
Event: 129.952 Executing VM operation: get/set locals done
Event: 129.952 Executing VM operation: get/set locals
Event: 129.952 Executing VM operation: get/set locals done
Event: 176.536 Executing VM operation: ChangeBreakpoints
Event: 176.536 Executing VM operation: ChangeBreakpoints done
Event: 182.124 Executing VM operation: ChangeSingleStep
Event: 182.124 Executing VM operation: ChangeSingleStep done
Event: 182.124 Executing VM operation: ChangeSingleStep
Event: 182.124 Executing VM operation: ChangeSingleStep done
Event: 182.127 Executing VM operation: RedefineClasses
Event: 182.135 Executing VM operation: RedefineClasses done
Event: 182.141 Executing VM operation: ChangeSingleStep
Event: 182.141 Executing VM operation: ChangeSingleStep done
Event: 182.142 Executing VM operation: get/set locals
Event: 182.142 Executing VM operation: get/set locals done
Event: 182.145 Executing VM operation: ChangeSingleStep
Event: 182.145 Executing VM operation: ChangeSingleStep done
Event: 182.184 Executing VM operation: get/set locals
Event: 182.184 Executing VM operation: get/set locals done

Events (20 events):
Event: 1.263 loading class sun/util/resources/LocaleData$CommonResourceBundleProvider
Event: 1.263 loading class sun/util/resources/LocaleData$LocaleDataResourceBundleProvider
Event: 1.263 loading class java/util/spi/ResourceBundleProvider
Event: 1.263 loading class java/util/spi/ResourceBundleProvider done
Event: 1.263 loading class sun/util/resources/LocaleData$LocaleDataResourceBundleProvider done
Event: 1.263 loading class sun/util/resources/LocaleData$CommonResourceBundleProvider done
Event: 1.264 loading class java/util/ArrayList$SubList$1
Event: 1.264 loading class java/util/ArrayList$SubList$1 done
Event: 1.265 loading class sun/text/resources/cldr/FormatData_en
Event: 1.265 loading class sun/text/resources/cldr/FormatData_en done
Event: 1.265 loading class sun/util/resources/Bundles$2
Event: 1.265 loading class sun/util/resources/Bundles$2 done
Event: 1.265 loading class java/lang/InstantiationException
Event: 1.265 loading class java/lang/InstantiationException done
Event: 1.265 loading class java/lang/IllegalAccessException
Event: 1.265 loading class java/lang/IllegalAccessException done
Event: 1.271 loading class java/util/Stack
Event: 1.271 loading class java/util/Stack done
Event: 10.377 loading class java/util/regex/Matcher$ImmutableMatchResult
Event: 10.377 loading class java/util/regex/Matcher$ImmutableMatchResult done


Dynamic libraries:
0x00007ff7a0dc0000 - 0x00007ff7a0dd0000 	C:\Program Files\Java\jdk-17.0.1\bin\javaw.exe
0x00007ffa76c90000 - 0x00007ffa76e85000 	C:\Windows\SYSTEM32\ntdll.dll
0x00007ffa74ec0000 - 0x00007ffa74f7e000 	C:\Windows\System32\KERNEL32.DLL
0x00007ffa743d0000 - 0x00007ffa74698000 	C:\Windows\System32\KERNELBASE.dll
0x00007ffa746f0000 - 0x00007ffa747f0000 	C:\Windows\System32\ucrtbase.dll
0x00007ffa633b0000 - 0x00007ffa633ca000 	C:\Program Files\Java\jdk-17.0.1\bin\VCRUNTIME140.dll
0x00007ffa63400000 - 0x00007ffa63418000 	C:\Program Files\Java\jdk-17.0.1\bin\jli.dll
0x00007ffa75490000 - 0x00007ffa7553c000 	C:\Windows\System32\ADVAPI32.dll
0x00007ffa74e20000 - 0x00007ffa74ebe000 	C:\Windows\System32\msvcrt.dll
0x00007ffa76680000 - 0x00007ffa7671b000 	C:\Windows\System32\sechost.dll
0x00007ffa751f0000 - 0x00007ffa7531a000 	C:\Windows\System32\RPCRT4.dll
0x00007ffa76a80000 - 0x00007ffa76c21000 	C:\Windows\System32\USER32.dll
0x00007ffa743a0000 - 0x00007ffa743c2000 	C:\Windows\System32\win32u.dll
0x00007ffa5f180000 - 0x00007ffa5f41a000 	C:\Windows\WinSxS\amd64_microsoft.windows.common-controls_6595b64144ccf1df_6.0.19041.1110_none_60b5254171f9507e\COMCTL32.dll
0x00007ffa751c0000 - 0x00007ffa751eb000 	C:\Windows\System32\GDI32.dll
0x00007ffa747f0000 - 0x00007ffa748fd000 	C:\Windows\System32\gdi32full.dll
0x00007ffa74ad0000 - 0x00007ffa74b6d000 	C:\Windows\System32\msvcp_win.dll
0x00007ffa67810000 - 0x00007ffa6781a000 	C:\Windows\SYSTEM32\VERSION.dll
0x00007ffa74cd0000 - 0x00007ffa74d00000 	C:\Windows\System32\IMM32.DLL
0x00007ffa6a1f0000 - 0x00007ffa6a1fc000 	C:\Program Files\Java\jdk-17.0.1\bin\vcruntime140_1.dll
0x00007ffa324d0000 - 0x00007ffa3255d000 	C:\Program Files\Java\jdk-17.0.1\bin\msvcp140.dll
0x00007ff9f6160000 - 0x00007ff9f6d1e000 	C:\Program Files\Java\jdk-17.0.1\bin\server\jvm.dll
0x00007ffa75480000 - 0x00007ffa75488000 	C:\Windows\System32\PSAPI.DLL
0x00007ffa682d0000 - 0x00007ffa682d9000 	C:\Windows\SYSTEM32\WSOCK32.dll
0x00007ffa61720000 - 0x00007ffa61747000 	C:\Windows\SYSTEM32\WINMM.dll
0x00007ffa753b0000 - 0x00007ffa7541b000 	C:\Windows\System32\WS2_32.dll
0x00007ffa72c20000 - 0x00007ffa72c32000 	C:\Windows\SYSTEM32\kernel.appcore.dll
0x00007ffa69a30000 - 0x00007ffa69a3a000 	C:\Program Files\Java\jdk-17.0.1\bin\jimage.dll
0x00007ffa71fd0000 - 0x00007ffa721b4000 	C:\Windows\SYSTEM32\DBGHELP.DLL
0x00007ffa68940000 - 0x00007ffa6896c000 	C:\Windows\SYSTEM32\dbgcore.DLL
0x00007ffa749e0000 - 0x00007ffa74a62000 	C:\Windows\System32\bcryptPrimitives.dll
0x00007ffa3cd60000 - 0x00007ffa3cd9b000 	C:\Program Files\Java\jdk-17.0.1\bin\jdwp.dll
0x00007ffa67800000 - 0x00007ffa6780e000 	C:\Program Files\Java\jdk-17.0.1\bin\instrument.dll
0x00007ffa68bf0000 - 0x00007ffa68c15000 	C:\Program Files\Java\jdk-17.0.1\bin\java.dll
0x00007ffa1bbc0000 - 0x00007ffa1bc96000 	C:\Program Files\Java\jdk-17.0.1\bin\svml.dll
0x00007ffa75540000 - 0x00007ffa75c84000 	C:\Windows\System32\SHELL32.dll
0x00007ffa723e0000 - 0x00007ffa72b74000 	C:\Windows\SYSTEM32\windows.storage.dll
0x00007ffa76720000 - 0x00007ffa76a75000 	C:\Windows\System32\combase.dll
0x00007ffa73df0000 - 0x00007ffa73e1e000 	C:\Windows\SYSTEM32\Wldp.dll
0x00007ffa74f80000 - 0x00007ffa7502d000 	C:\Windows\System32\SHCORE.dll
0x00007ffa75420000 - 0x00007ffa75475000 	C:\Windows\System32\shlwapi.dll
0x00007ffa742e0000 - 0x00007ffa742ff000 	C:\Windows\SYSTEM32\profapi.dll
0x00007ffa677f0000 - 0x00007ffa677fc000 	C:\Program Files\Java\jdk-17.0.1\bin\dt_socket.dll
0x00007ffa737f0000 - 0x00007ffa7382b000 	C:\Windows\SYSTEM32\IPHLPAPI.DLL
0x00007ffa73b50000 - 0x00007ffa73bba000 	C:\Windows\system32\mswsock.dll
0x00007ffa73830000 - 0x00007ffa738fb000 	C:\Windows\SYSTEM32\DNSAPI.dll
0x00007ffa75320000 - 0x00007ffa75328000 	C:\Windows\System32\NSI.dll
0x00007ffa6a1a0000 - 0x00007ffa6a1aa000 	C:\Windows\System32\rasadhlp.dll
0x00007ffa68250000 - 0x00007ffa682cf000 	C:\Windows\System32\fwpuclnt.dll
0x00007ffa749b0000 - 0x00007ffa749d7000 	C:\Windows\System32\bcrypt.dll
0x00007ffa63ec0000 - 0x00007ffa63ed8000 	C:\Program Files\Java\jdk-17.0.1\bin\zip.dll
0x00007ffa699d0000 - 0x00007ffa699e9000 	C:\Program Files\Java\jdk-17.0.1\bin\net.dll
0x00007ffa6b8a0000 - 0x00007ffa6b9ac000 	C:\Windows\SYSTEM32\WINHTTP.dll
0x00007ffa64de0000 - 0x00007ffa64df5000 	C:\Program Files\Java\jdk-17.0.1\bin\nio.dll
0x00007ffa69920000 - 0x00007ffa69930000 	C:\Program Files\Java\jdk-17.0.1\bin\verify.dll

dbghelp: loaded successfully - version: 4.0.5 - missing functions: none
symbol engine: initialized successfully - sym options: 0x614 - pdb path: .;C:\Program Files\Java\jdk-17.0.1\bin;C:\Windows\SYSTEM32;C:\Windows\WinSxS\amd64_microsoft.windows.common-controls_6595b64144ccf1df_6.0.19041.1110_none_60b5254171f9507e;C:\Program Files\Java\jdk-17.0.1\bin\server

VM Arguments:
jvm_args: -XX:+ShowCodeDetailsInExceptionMessages -agentlib:jdwp=transport=dt_socket,suspend=y,address=localhost:62608 -javaagent:C:\Users\wikor\eclipse\java-2021-09\eclipse\configuration\org.eclipse.osgi\222\0\.cp\lib\javaagent-shaded.jar -Dfile.encoding=Cp1252 
java_command: test.test
java_class_path (initial): C:\Users\wikor\git\Software-Engineering\bin
Launcher Type: SUN_STANDARD

[Global flags]
     intx CICompilerCount                          = 4                                         {product} {ergonomic}
     uint ConcGCThreads                            = 2                                         {product} {ergonomic}
     uint G1ConcRefinementThreads                  = 8                                         {product} {ergonomic}
   size_t G1HeapRegionSize                         = 1048576                                   {product} {ergonomic}
    uintx GCDrainStackTargetSize                   = 64                                        {product} {ergonomic}
   size_t InitialHeapSize                          = 130023424                                 {product} {ergonomic}
   size_t MarkStackSize                            = 4194304                                   {product} {ergonomic}
   size_t MaxHeapSize                              = 2076180480                                {product} {ergonomic}
   size_t MaxNewSize                               = 1245708288                                {product} {ergonomic}
   size_t MinHeapDeltaBytes                        = 1048576                                   {product} {ergonomic}
   size_t MinHeapSize                              = 8388608                                   {product} {ergonomic}
    uintx NonNMethodCodeHeapSize                   = 5839372                                {pd product} {ergonomic}
    uintx NonProfiledCodeHeapSize                  = 122909434                              {pd product} {ergonomic}
    uintx ProfiledCodeHeapSize                     = 122909434                              {pd product} {ergonomic}
    uintx ReservedCodeCacheSize                    = 251658240                              {pd product} {ergonomic}
     bool SegmentedCodeCache                       = true                                      {product} {ergonomic}
     bool ShowCodeDetailsInExceptionMessages       = true                                   {manageable} {command line}
   size_t SoftMaxHeapSize                          = 2076180480                             {manageable} {ergonomic}
     bool UseCompressedClassPointers               = true                           {product lp64_product} {ergonomic}
     bool UseCompressedOops                        = true                           {product lp64_product} {ergonomic}
     bool UseG1GC                                  = true                                      {product} {ergonomic}
     bool UseLargePagesIndividualAllocation        = false                                  {pd product} {ergonomic}

Logging:
Log output configuration:
 #0: stdout all=warning uptime,level,tags
 #1: stderr all=off uptime,level,tags

Environment Variables:
JAVA_HOME=C:\Program Files\Java\jdk-17
PATH=C:/Program Files/Java/jdk-17.0.1/bin/server;C:/Program Files/Java/jdk-17.0.1/bin;C:\Program Files\Common Files\Oracle\Java\javapath;C:\Windows\system32;C:\Windows;C:\Windows\System32\Wbem;C:\Windows\System32\WindowsPowerShell\v1.0\;C:\Windows\System32\OpenSSH\;C:\Program Files\MATLAB\R2021b\bin;C:\Program Files (x86)\PharosSystems\Core;C:\Program Files\Git\cmd;C:\Users\wikor\AppData\Local\Programs\Python\Python39\Scripts\;C:\Users\wikor\AppData\Local\Programs\Python\Python39\;C:\Users\wikor\AppData\Local\Microsoft\WindowsApps;;C:\Windows\system32;
USERNAME=wikor
OS=Windows_NT
PROCESSOR_IDENTIFIER=Intel64 Family 6 Model 140 Stepping 1, GenuineIntel



---------------  S Y S T E M  ---------------

OS:
 Windows 10 , 64 bit Build 19041 (10.0.19041.1348)
OS uptime: 4 days 23:37 hours

CPU: total 8 (initial active 8) (4 cores per cpu, 2 threads per core) family 6 model 140 stepping 1 microcode 0x86, cx8, cmov, fxsr, ht, mmx, 3dnowpref, sse, sse2, sse3, ssse3, sse4.1, sse4.2, popcnt, lzcnt, tsc, tscinvbit, avx, avx2, aes, erms, clmul, bmi1, bmi2, adx, avx512f, avx512dq, avx512cd, avx512bw, avx512vl, sha, fma, vzeroupper, avx512_vpopcntdq, avx512_vpclmulqdq, avx512_vaes, avx512_vnni, clflush, clflushopt, clwb, avx512_vbmi2, avx512_vbmi

Memory: 4k page, system-wide physical 7915M (900M free)
TotalPageFile size 23275M (AvailPageFile size 5371M)
current process WorkingSet (physical memory assigned to process): 45M, peak: 47M
current process commit charge ("private bytes"): 209M, peak: 213M

vm_info: Java HotSpot(TM) 64-Bit Server VM (17.0.1+12-LTS-39) for windows-amd64 JRE (17.0.1+12-LTS-39), built on Sep 27 2021 18:41:35 by "mach5one" with MS VC++ 16.8 (VS2019)

END.
